<?xml version="1.0" encoding="UTF-8"?>
<testng-results total="1" passed="1" failed="0" skipped="0">
  <reporter-output>
  </reporter-output>
  <suite started-at="2020-05-28T17:01:21Z" name="Default suite" finished-at="2020-05-28T17:02:55Z" duration-ms="94007">
    <groups>
    </groups>
    <test started-at="2020-05-28T17:01:21Z" name="Default test" finished-at="2020-05-28T17:02:55Z" duration-ms="94007">
      <class name="tVagrant.com.tVagrant.FindaBook">
        <test-method is-config="true" signature="initialize()[pri:0, instance:tVagrant.com.tVagrant.FindaBook@5ba3f27a]" started-at="2020-05-28T22:31:21Z" name="initialize" finished-at="2020-05-28T22:32:32Z" duration-ms="70869" status="PASS">
          <reporter-output>
          </reporter-output>
        </test-method> <!-- initialize -->
        <test-method signature="WhatsThatBookName()[pri:0, instance:tVagrant.com.tVagrant.FindaBook@5ba3f27a]" started-at="2020-05-28T22:32:32Z" name="WhatsThatBookName" finished-at="2020-05-28T22:32:54Z" duration-ms="22024" status="PASS">
          <reporter-output>
          </reporter-output>
        </test-method> <!-- WhatsThatBookName -->
        <test-method is-config="true" signature="teardown()[pri:0, instance:tVagrant.com.tVagrant.FindaBook@5ba3f27a]" started-at="2020-05-28T22:32:54Z" name="teardown" finished-at="2020-05-28T22:32:55Z" duration-ms="1098" status="PASS">
          <reporter-output>
          </reporter-output>
        </test-method> <!-- teardown -->
      </class> <!-- tVagrant.com.tVagrant.FindaBook -->
    </test> <!-- Default test -->
  </suite> <!-- Default suite -->
</testng-results>
