<?xml version="1.0" encoding="UTF-8"?>
<testng-results total="1" passed="1" failed="0" skipped="0">
  <reporter-output>
  </reporter-output>
  <suite started-at="2020-05-28T08:21:37Z" name="Default suite" finished-at="2020-05-28T08:22:44Z" duration-ms="66733">
    <groups>
    </groups>
    <test started-at="2020-05-28T08:21:37Z" name="Default test" finished-at="2020-05-28T08:22:44Z" duration-ms="66733">
      <class name="tVagrant.com.tVagrant.LandingPageValidation">
        <test-method is-config="true" signature="initialize()[pri:0, instance:tVagrant.com.tVagrant.LandingPageValidation@5ba3f27a]" started-at="2020-05-28T13:51:37Z" name="initialize" finished-at="2020-05-28T13:52:33Z" duration-ms="56483" status="PASS">
          <reporter-output>
          </reporter-output>
        </test-method> <!-- initialize -->
        <test-method signature="LoginPageUIValidation()[pri:0, instance:tVagrant.com.tVagrant.LandingPageValidation@5ba3f27a]" started-at="2020-05-28T13:52:33Z" name="LoginPageUIValidation" finished-at="2020-05-28T13:52:42Z" duration-ms="8750" status="PASS">
          <reporter-output>
          </reporter-output>
        </test-method> <!-- LoginPageUIValidation -->
        <test-method is-config="true" signature="teardown()[pri:0, instance:tVagrant.com.tVagrant.LandingPageValidation@5ba3f27a]" started-at="2020-05-28T13:52:42Z" name="teardown" finished-at="2020-05-28T13:52:44Z" duration-ms="1480" status="PASS">
          <reporter-output>
          </reporter-output>
        </test-method> <!-- teardown -->
      </class> <!-- tVagrant.com.tVagrant.LandingPageValidation -->
    </test> <!-- Default test -->
  </suite> <!-- Default suite -->
</testng-results>
